<?xml version="1.0" encoding="UTF-8"?>
<!-- Generated by org.testng.reporters.JUnitReportReporter -->
<testsuite hostname="MacBook-Air-de-Luis.local" failures="0" tests="2" name="pe.edu.galaxy.Annotations" time="0.037" errors="0" timestamp="2020-09-15T20:07:59 PET" skipped="0">
  <testcase classname="pe.edu.galaxy.Annotations" name="test" time="0.027"/>
  <system-out/>
  <testcase classname="pe.edu.galaxy.Annotations" name="test2" time="0.010"/>
  <system-out/>
</testsuite> <!-- pe.edu.galaxy.Annotations -->
