<?xml version="1.0" encoding="UTF-8"?>
<!-- Generated by org.testng.reporters.JUnitReportReporter -->
<testsuite hostname="MacBook-Air-de-Luis.local" failures="0" tests="3" name="pe.edu.galaxy.Login" time="16.082" errors="0" timestamp="2020-09-14T15:15:22 PET" skipped="0">
  <testcase classname="pe.edu.galaxy.Login" name="goToSingIn" time="6.632"/>
  <system-out/>
  <testcase classname="pe.edu.galaxy.Login" name="setCredential" time="3.835"/>
  <system-out/>
  <testcase classname="pe.edu.galaxy.Login" name="salePekosita" time="5.615"/>
  <system-out/>
</testsuite> <!-- pe.edu.galaxy.Login -->
