<?xml version="1.0" encoding="UTF-8"?>
<!-- Generated by org.testng.reporters.JUnitReportReporter -->
<testsuite hostname="MacBook-Air-de-Luis.local" failures="0" tests="5" name="pe.edu.galaxy.Shopping" time="34.237" errors="0" timestamp="2020-09-15T20:12:57 PET" skipped="0">
  <testcase classname="pe.edu.galaxy.Shopping" name="getLisProducts" time="0.085"/>
  <system-out/>
  <testcase classname="pe.edu.galaxy.Shopping" name="addFirstItem" time="8.541"/>
  <system-out/>
  <testcase classname="pe.edu.galaxy.Shopping" name="addMoreItem" time="13.763"/>
  <system-out/>
  <testcase classname="pe.edu.galaxy.Shopping" name="shippingAddress" time="7.637"/>
  <system-out/>
  <testcase classname="pe.edu.galaxy.Shopping" name="completeOrder" time="4.211"/>
  <system-out/>
</testsuite> <!-- pe.edu.galaxy.Shopping -->
