<?xml version="1.0" encoding="UTF-8"?>
<!-- Generated by org.testng.reporters.JUnitReportReporter -->
<testsuite hostname="MacBook-Air-de-Luis.local" failures="0" tests="4" name="pe.edu.galaxy.Annotations" time="0.022" errors="0" timestamp="2020-09-14T21:27:45 PET" skipped="0">
  <testcase classname="pe.edu.galaxy.Annotations" name="test" time="0.003"/>
  <system-out/>
  <testcase classname="pe.edu.galaxy.Annotations" name="test" time="0.011"/>
  <system-out/>
  <testcase classname="pe.edu.galaxy.Annotations" name="test2" time="0.004"/>
  <system-out/>
  <testcase classname="pe.edu.galaxy.Annotations" name="test2" time="0.004"/>
  <system-out/>
</testsuite> <!-- pe.edu.galaxy.Annotations -->
