<?xml version="1.0" encoding="UTF-8"?>
<!-- Generated by org.testng.reporters.JUnitReportReporter -->
<testsuite hostname="MacBook-Air-de-Luis.local" failures="0" tests="5" name="pe.edu.galaxy.Shopping" time="40.670" errors="0" timestamp="2020-09-14T21:27:45 PET" skipped="0">
  <testcase classname="pe.edu.galaxy.Shopping" name="getLisProducts" time="0.118"/>
  <system-out/>
  <testcase classname="pe.edu.galaxy.Shopping" name="addFirstItem" time="11.888"/>
  <system-out/>
  <testcase classname="pe.edu.galaxy.Shopping" name="addMoreItem" time="14.644"/>
  <system-out/>
  <testcase classname="pe.edu.galaxy.Shopping" name="shippingAddress" time="8.092"/>
  <system-out/>
  <testcase classname="pe.edu.galaxy.Shopping" name="completeOrder" time="5.928"/>
  <system-out/>
</testsuite> <!-- pe.edu.galaxy.Shopping -->
