<?xml version="1.0" encoding="UTF-8"?>
<!-- Generated by org.testng.reporters.JUnitReportReporter -->
<testsuite hostname="MacBook-Air-de-Luis.local" failures="0" tests="5" name="pe.edu.galaxy.Shopping" time="40.203" errors="0" timestamp="2020-09-14T23:35:04 PET" skipped="0">
  <testcase classname="pe.edu.galaxy.Shopping" name="getLisProducts" time="0.130"/>
  <system-out/>
  <testcase classname="pe.edu.galaxy.Shopping" name="addFirstItem" time="11.222"/>
  <system-out/>
  <testcase classname="pe.edu.galaxy.Shopping" name="addMoreItem" time="17.566"/>
  <system-out/>
  <testcase classname="pe.edu.galaxy.Shopping" name="shippingAddress" time="7.254"/>
  <system-out/>
  <testcase classname="pe.edu.galaxy.Shopping" name="completeOrder" time="4.031"/>
  <system-out/>
</testsuite> <!-- pe.edu.galaxy.Shopping -->
